# JRE version: OpenJDK Runtime Environment (21.0.5) (build 21.0.5+-13047016-b750.29)
# Java VM: OpenJDK 64-Bit Server VM (21.0.5+-13047016-b750.29, mixed mode, tiered, compressed oops, compressed class ptrs, g1 gc, windows-amd64)
GC Precious Log:
 CardTable entry size: 512
 Card Set container configuration: InlinePtr #cards 5 size 8 Array Of Cards #cards 12 size 40 Howl #buckets 4 coarsen threshold 1843 Howl Bitmap #cards 512 size 80 coarsen threshold 460 Card regions per heap region 1 cards per card region 2048
 CPUs: 12 total, 12 available
 Memory: 32540M
 Large Page Support: Disabled
 NUMA Support: Disabled
 Compressed Oops: Enabled (32-bit)
 Heap Region Size: 1M
 Heap Min Capacity: 8M
 Heap Initial Capacity: 510M
 Heap Max Capacity: 2G
 Pre-touch: Disabled
 Parallel Workers: 10
 Concurrent Workers: 3
 Concurrent Refinement Workers: 10
 Periodic GC: Disabled
Heap:
 garbage-first heap   total 275456K, used 193892K [0x0000000080000000, 0x0000000100000000)
  region size 1024K, 76 young (77824K), 12 survivors (12288K)
 Metaspace       used 97643K, committed 99712K, reserved 1179648K
  class space    used 13111K, committed 14144K, reserved 1048576K
GC Heap History (20 events):
Event: 2.140 GC heap after
{Heap after GC invocations=7 (full 0):
 garbage-first heap   total 84992K, used 25692K [0x0000000080000000, 0x0000000100000000)
  region size 1024K, 6 young (6144K), 6 survivors (6144K)
 Metaspace       used 34117K, committed 34944K, reserved 1114112K
  class space    used 4541K, committed 4928K, reserved 1048576K
}
Event: 2.328 GC heap before
{Heap before GC invocations=7 (full 0):
 garbage-first heap   total 84992K, used 45148K [0x0000000080000000, 0x0000000100000000)
  region size 1024K, 16 young (16384K), 6 survivors (6144K)
 Metaspace       used 35072K, committed 35968K, reserved 1114112K
  class space    used 4700K, committed 5184K, reserved 1048576K
}
Event: 2.332 GC heap after
{Heap after GC invocations=8 (full 0):
 garbage-first heap   total 84992K, used 39958K [0x0000000080000000, 0x0000000100000000)
  region size 1024K, 6 young (6144K), 6 survivors (6144K)
 Metaspace       used 35072K, committed 35968K, reserved 1114112K
  class space    used 4700K, committed 5184K, reserved 1048576K
}
Event: 2.625 GC heap before
{Heap before GC invocations=9 (full 0):
 garbage-first heap   total 84992K, used 72726K [0x0000000080000000, 0x0000000100000000)
  region size 1024K, 38 young (38912K), 6 survivors (6144K)
 Metaspace       used 38886K, committed 39872K, reserved 1114112K
  class space    used 5305K, committed 5824K, reserved 1048576K
}
Event: 2.629 GC heap after
{Heap after GC invocations=10 (full 0):
 garbage-first heap   total 304128K, used 43727K [0x0000000080000000, 0x0000000100000000)
  region size 1024K, 3 young (3072K), 3 survivors (3072K)
 Metaspace       used 38886K, committed 39872K, reserved 1114112K
  class space    used 5305K, committed 5824K, reserved 1048576K
}
Event: 3.878 GC heap before
{Heap before GC invocations=10 (full 0):
 garbage-first heap   total 304128K, used 234191K [0x0000000080000000, 0x0000000100000000)
  region size 1024K, 170 young (174080K), 3 survivors (3072K)
 Metaspace       used 58543K, committed 60096K, reserved 1114112K
  class space    used 7818K, committed 8576K, reserved 1048576K
}
Event: 3.887 GC heap after
{Heap after GC invocations=11 (full 0):
 garbage-first heap   total 304128K, used 76035K [0x0000000080000000, 0x0000000100000000)
  region size 1024K, 20 young (20480K), 20 survivors (20480K)
 Metaspace       used 58543K, committed 60096K, reserved 1114112K
  class space    used 7818K, committed 8576K, reserved 1048576K
}
Event: 3.902 GC heap before
{Heap before GC invocations=11 (full 0):
 garbage-first heap   total 304128K, used 79107K [0x0000000080000000, 0x0000000100000000)
  region size 1024K, 24 young (24576K), 20 survivors (20480K)
 Metaspace       used 58841K, committed 60416K, reserved 1114112K
  class space    used 7862K, committed 8640K, reserved 1048576K
}
Event: 3.908 GC heap after
{Heap after GC invocations=12 (full 0):
 garbage-first heap   total 304128K, used 78380K [0x0000000080000000, 0x0000000100000000)
  region size 1024K, 2 young (2048K), 2 survivors (2048K)
 Metaspace       used 58841K, committed 60416K, reserved 1114112K
  class space    used 7862K, committed 8640K, reserved 1048576K
}
Event: 5.128 GC heap before
{Heap before GC invocations=13 (full 0):
 garbage-first heap   total 263168K, used 234028K [0x0000000080000000, 0x0000000100000000)
  region size 1024K, 154 young (157696K), 2 survivors (2048K)
 Metaspace       used 72613K, committed 74368K, reserved 1114112K
  class space    used 9905K, committed 10752K, reserved 1048576K
}
Event: 5.135 GC heap after
{Heap after GC invocations=14 (full 0):
 garbage-first heap   total 263168K, used 87554K [0x0000000080000000, 0x0000000100000000)
  region size 1024K, 11 young (11264K), 11 survivors (11264K)
 Metaspace       used 72613K, committed 74368K, reserved 1114112K
  class space    used 9905K, committed 10752K, reserved 1048576K
}
Event: 5.387 GC heap before
{Heap before GC invocations=14 (full 0):
 garbage-first heap   total 263168K, used 229890K [0x0000000080000000, 0x0000000100000000)
  region size 1024K, 150 young (153600K), 11 survivors (11264K)
 Metaspace       used 73114K, committed 74880K, reserved 1114112K
  class space    used 9905K, committed 10752K, reserved 1048576K
}
Event: 5.394 GC heap after
{Heap after GC invocations=15 (full 0):
 garbage-first heap   total 263168K, used 90392K [0x0000000080000000, 0x0000000100000000)
  region size 1024K, 7 young (7168K), 7 survivors (7168K)
 Metaspace       used 73114K, committed 74880K, reserved 1114112K
  class space    used 9905K, committed 10752K, reserved 1048576K
}
Event: 5.479 GC heap before
{Heap before GC invocations=15 (full 0):
 garbage-first heap   total 263168K, used 119064K [0x0000000080000000, 0x0000000100000000)
  region size 1024K, 36 young (36864K), 7 survivors (7168K)
 Metaspace       used 73280K, committed 75136K, reserved 1114112K
  class space    used 9928K, committed 10816K, reserved 1048576K
}
Event: 5.482 GC heap after
{Heap after GC invocations=16 (full 0):
 garbage-first heap   total 263168K, used 91085K [0x0000000080000000, 0x0000000100000000)
  region size 1024K, 7 young (7168K), 7 survivors (7168K)
 Metaspace       used 73280K, committed 75136K, reserved 1114112K
  class space    used 9928K, committed 10816K, reserved 1048576K
}
Event: 6.360 GC heap before
{Heap before GC invocations=17 (full 0):
 garbage-first heap   total 263168K, used 253901K [0x0000000080000000, 0x0000000100000000)
  region size 1024K, 147 young (150528K), 7 survivors (7168K)
 Metaspace       used 84815K, committed 86784K, reserved 1179648K
  class space    used 11403K, committed 12352K, reserved 1048576K
}
Event: 6.367 GC heap after
{Heap after GC invocations=18 (full 0):
 garbage-first heap   total 275456K, used 119143K [0x0000000080000000, 0x0000000100000000)
  region size 1024K, 19 young (19456K), 19 survivors (19456K)
 Metaspace       used 84815K, committed 86784K, reserved 1179648K
  class space    used 11403K, committed 12352K, reserved 1048576K
}
Event: 7.204 GC heap before
{Heap before GC invocations=18 (full 0):
 garbage-first heap   total 275456K, used 244071K [0x0000000080000000, 0x0000000100000000)
  region size 1024K, 138 young (141312K), 19 survivors (19456K)
 Metaspace       used 94775K, committed 96832K, reserved 1179648K
  class space    used 12720K, committed 13760K, reserved 1048576K
}
Event: 7.213 GC heap after
{Heap after GC invocations=19 (full 0):
 garbage-first heap   total 275456K, used 128431K [0x0000000080000000, 0x0000000100000000)
  region size 1024K, 8 young (8192K), 8 survivors (8192K)
 Metaspace       used 94775K, committed 96832K, reserved 1179648K
  class space    used 12720K, committed 13760K, reserved 1048576K
}
Event: 7.518 GC heap before
{Heap before GC invocations=19 (full 0):
 garbage-first heap   total 275456K, used 192943K [0x0000000080000000, 0x0000000100000000)
  region size 1024K, 72 young (73728K), 8 survivors (8192K)
 Metaspace       used 97643K, committed 99712K, reserved 1179648K
  class space    used 13111K, committed 14144K, reserved 1048576K
}

